<?xml version="1.0" encoding="UTF-8"?>
<!-- Generated by org.testng.reporters.JUnitXMLReporter -->
<testsuite hostname="NACTS-081729" ignored="0" name="Test" tests="1" failures="1" timestamp="17 Jan 2018 21:20:43 GMT" time="0.49" errors="0">
  <testcase name="test" time="0.465" classname="jmeter.api.JMeterJava2">
    <failure type="java.lang.ArrayIndexOutOfBoundsException" message="1">
      <![CDATA[java.lang.ArrayIndexOutOfBoundsException: 1
	at jmeter.api.JMeterJava2.test(JMeterJava2.java:148)
... Removed 25 stack frames]]>
    </failure>
  </testcase> <!-- test -->
</testsuite> <!-- Test -->
